<?xml version="1.0" encoding="UTF-8"?>
<testsuite name="com.wiki.tests.SearchTests" tests="1" skipped="0" failures="0" errors="0" timestamp="2019-10-24T07:59:57" hostname="LAPTOP-1TKK71FQ" time="1.409">
  <properties/>
  <testcase name="searchWikiTestQA" classname="com.wiki.tests.SearchTests" time="1.409"/>
  <system-out><![CDATA[10:59:57.596 [Test worker] INFO  com.wiki.tests.TestBase -  start test searchWikiTestQA with parameters[]
10:59:57.622 [Test worker] INFO  c.w.fw.ApplicationManager$MyListener - By.name: search found
10:59:57.686 [Test worker] INFO  c.w.fw.ApplicationManager$MyListener - By.name: search found
10:59:57.727 [Test worker] INFO  c.w.fw.ApplicationManager$MyListener - By.name: search found
10:59:57.831 [Test worker] INFO  c.w.fw.ApplicationManager$MyListener - By.name: go found
10:59:58.610 [Test worker] INFO  c.w.fw.ApplicationManager$MyListener - By.cssSelector: h1#firstHeading found
10:59:59.009 [Test worker] INFO  com.wiki.fw.HelperBase - screenchot is: screenchot1571903999003.png
10:59:59.011 [Test worker] INFO  com.wiki.tests.TestBase -  stop test searchWikiTestQA
----------------------------------------------------------------------------
]]></system-out>
  <system-err><![CDATA[]]></system-err>
</testsuite>
