<?xml version="1.0" encoding="UTF-8"?>
<testsuite name="com.wiki.tests.LoginTest" tests="1" skipped="0" failures="0" errors="0" timestamp="2019-10-06T13:39:21" hostname="LAPTOP-1TKK71FQ" time="2.096">
  <properties/>
  <testcase name="loginTest" classname="com.wiki.tests.LoginTest" time="2.096"/>
  <system-out><![CDATA[]]></system-out>
  <system-err><![CDATA[]]></system-err>
</testsuite>
